<?xml version="1.0" encoding="UTF-8"?>
<testng-results ignored="0" total="2" passed="2" failed="0" skipped="0">
  <reporter-output>
  </reporter-output>
  <suite started-at="2025-03-03T12:44:46 IST" name="Default suite" finished-at="2025-03-03T12:44:47 IST" duration-ms="129">
    <groups>
    </groups>
    <test started-at="2025-03-03T12:44:46 IST" name="Default test" finished-at="2025-03-03T12:44:47 IST" duration-ms="129">
      <class name="pgm2_test.p_test">
        <test-method signature="testlogin1()[pri:0, instance:pgm2_test.p_test@14dd9eb7]" started-at="2025-03-03T12:44:46 IST" name="testlogin1" finished-at="2025-03-03T12:44:47 IST" duration-ms="31" status="PASS">
          <reporter-output>
          </reporter-output>
        </test-method> <!-- testlogin1 -->
        <test-method signature="testlogin2()[pri:0, instance:pgm2_test.p_test@14dd9eb7]" started-at="2025-03-03T12:44:47 IST" name="testlogin2" finished-at="2025-03-03T12:44:47 IST" duration-ms="11" status="PASS">
          <reporter-output>
          </reporter-output>
        </test-method> <!-- testlogin2 -->
      </class> <!-- pgm2_test.p_test -->
    </test> <!-- Default test -->
  </suite> <!-- Default suite -->
</testng-results>
